<?xml version="1.0" encoding="UTF-8"?>
<!-- Generated by org.testng.reporters.JUnitReportReporter -->
<testsuite skipped="0" hostname="DESKTOP-JDGVO00" name="Day_001_Demo.TC02_GitHub_Chrome" tests="1" failures="0" timestamp="2021-01-19T10:58:35 IST" time="4.715" errors="1">
  <testcase name="login_test" time="4.715" classname="Day_001_Demo.TC02_GitHub_Chrome">
    <error type="org.openqa.selenium.SessionNotCreatedException" message="session not created: This version of ChromeDriver only supports Chrome version 88
Current browser version is 87.0.4280.141 with binary path C:\Program Files\Google\Chrome\Application\chrome.exe
Build info: version: &#039;3.141.59&#039;, revision: &#039;e82be7d358&#039;, time: &#039;2018-11-14T08:17:03&#039;
System info: host: &#039;DESKTOP-JDGVO00&#039;, ip: &#039;192.168.29.2&#039;, os.name: &#039;Windows 10&#039;, os.arch: &#039;amd64&#039;, os.version: &#039;10.0&#039;, java.version: &#039;1.8.0_275&#039;
Driver info: driver.version: ChromeDriver
remote stacktrace: Backtrace:
	GetHandleVerifier [0x00568A43+483]
	GetHandleVerifier [0x00568A21+449]
	GetHandleVerifier [0x009113C8+3836776]
	GetHandleVerifier [0x0092B73A+3944154]
	GetHandleVerifier [0x00927B9A+3928890]
	GetHandleVerifier [0x00925E7C+3921436]
	GetHandleVerifier [0x0094C89E+4079678]
	GetHandleVerifier [0x0094C60C+4079020]
	GetHandleVerifier [0x0094938B+4066091]
	GetHandleVerifier [0x0092CDB4+3949908]
	GetHandleVerifier [0x0092DC6E+3953678]
	GetHandleVerifier [0x0092DBF9+3953561]
	Ordinal0 [0x00536A8C+92812]
	Ordinal0 [0x00530572+66930]
	Ordinal0 [0x00530142+65858]
	GetHandleVerifier [0x008347B8+2932568]
	GetHandleVerifier [0x006712EE+1084046]
	GetHandleVerifier [0x00628B3D+787165]
	GetHandleVerifier [0x0062855B+785659]
	GetHandleVerifier [0x00628471+785425]
	GetHandleVerifier [0x0065B7B3+995155]
	BaseThreadInitThunk [0x769BFA29+25]
	RtlGetAppContainerNamedObjectPath [0x779975F4+228]
	RtlGetAppContainerNamedObjectPath [0x779975C4+180]
">
      <![CDATA[org.openqa.selenium.SessionNotCreatedException: session not created: This version of ChromeDriver only supports Chrome version 88
Current browser version is 87.0.4280.141 with binary path C:\Program Files\Google\Chrome\Application\chrome.exe
Build info: version: '3.141.59', revision: 'e82be7d358', time: '2018-11-14T08:17:03'
System info: host: 'DESKTOP-JDGVO00', ip: '192.168.29.2', os.name: 'Windows 10', os.arch: 'amd64', os.version: '10.0', java.version: '1.8.0_275'
Driver info: driver.version: ChromeDriver
remote stacktrace: Backtrace:
GetHandleVerifier [0x00568A43+483]
GetHandleVerifier [0x00568A21+449]
GetHandleVerifier [0x009113C8+3836776]
GetHandleVerifier [0x0092B73A+3944154]
GetHandleVerifier [0x00927B9A+3928890]
GetHandleVerifier [0x00925E7C+3921436]
GetHandleVerifier [0x0094C89E+4079678]
GetHandleVerifier [0x0094C60C+4079020]
GetHandleVerifier [0x0094938B+4066091]
GetHandleVerifier [0x0092CDB4+3949908]
GetHandleVerifier [0x0092DC6E+3953678]
GetHandleVerifier [0x0092DBF9+3953561]
Ordinal0 [0x00536A8C+92812]
Ordinal0 [0x00530572+66930]
Ordinal0 [0x00530142+65858]
GetHandleVerifier [0x008347B8+2932568]
GetHandleVerifier [0x006712EE+1084046]
GetHandleVerifier [0x00628B3D+787165]
GetHandleVerifier [0x0062855B+785659]
GetHandleVerifier [0x00628471+785425]
GetHandleVerifier [0x0065B7B3+995155]
BaseThreadInitThunk [0x769BFA29+25]
RtlGetAppContainerNamedObjectPath [0x779975F4+228]
RtlGetAppContainerNamedObjectPath [0x779975C4+180]

at sun.reflect.NativeConstructorAccessorImpl.newInstance0(Native Method)
at sun.reflect.NativeConstructorAccessorImpl.newInstance(NativeConstructorAccessorImpl.java:62)
at sun.reflect.DelegatingConstructorAccessorImpl.newInstance(DelegatingConstructorAccessorImpl.java:45)
at java.lang.reflect.Constructor.newInstance(Constructor.java:423)
at org.openqa.selenium.remote.W3CHandshakeResponse.lambda$errorHandler$0(W3CHandshakeResponse.java:62)
at org.openqa.selenium.remote.HandshakeResponse.lambda$getResponseFunction$0(HandshakeResponse.java:30)
at org.openqa.selenium.remote.ProtocolHandshake.lambda$createSession$0(ProtocolHandshake.java:126)
at java.util.stream.ReferencePipeline$3$1.accept(ReferencePipeline.java:193)
at java.util.Spliterators$ArraySpliterator.tryAdvance(Spliterators.java:958)
at java.util.stream.ReferencePipeline.forEachWithCancel(ReferencePipeline.java:126)
at java.util.stream.AbstractPipeline.copyIntoWithCancel(AbstractPipeline.java:499)
at java.util.stream.AbstractPipeline.copyInto(AbstractPipeline.java:486)
at java.util.stream.AbstractPipeline.wrapAndCopyInto(AbstractPipeline.java:472)
at java.util.stream.FindOps$FindOp.evaluateSequential(FindOps.java:152)
at java.util.stream.AbstractPipeline.evaluate(AbstractPipeline.java:234)
at java.util.stream.ReferencePipeline.findFirst(ReferencePipeline.java:531)
at org.openqa.selenium.remote.ProtocolHandshake.createSession(ProtocolHandshake.java:128)
at org.openqa.selenium.remote.ProtocolHandshake.createSession(ProtocolHandshake.java:74)
at org.openqa.selenium.remote.HttpCommandExecutor.execute(HttpCommandExecutor.java:136)
at org.openqa.selenium.remote.service.DriverCommandExecutor.execute(DriverCommandExecutor.java:83)
at org.openqa.selenium.remote.RemoteWebDriver.execute(RemoteWebDriver.java:552)
at org.openqa.selenium.remote.RemoteWebDriver.startSession(RemoteWebDriver.java:213)
at org.openqa.selenium.remote.RemoteWebDriver.<init>(RemoteWebDriver.java:131)
at org.openqa.selenium.chrome.ChromeDriver.<init>(ChromeDriver.java:181)
at org.openqa.selenium.chrome.ChromeDriver.<init>(ChromeDriver.java:168)
at org.openqa.selenium.chrome.ChromeDriver.<init>(ChromeDriver.java:123)
at Day_001_Demo.TC02_GitHub_Chrome.login_test(TC02_GitHub_Chrome.java:35)
at sun.reflect.NativeMethodAccessorImpl.invoke0(Native Method)
at sun.reflect.NativeMethodAccessorImpl.invoke(NativeMethodAccessorImpl.java:62)
at sun.reflect.DelegatingMethodAccessorImpl.invoke(DelegatingMethodAccessorImpl.java:43)
at java.lang.reflect.Method.invoke(Method.java:498)
at org.testng.internal.MethodInvocationHelper.invokeMethod(MethodInvocationHelper.java:132)
at org.testng.internal.TestInvoker.invokeMethod(TestInvoker.java:599)
at org.testng.internal.TestInvoker.invokeTestMethod(TestInvoker.java:174)
at org.testng.internal.MethodRunner.runInSequence(MethodRunner.java:46)
at org.testng.internal.TestInvoker$MethodInvocationAgent.invoke(TestInvoker.java:822)
at org.testng.internal.TestInvoker.invokeTestMethods(TestInvoker.java:147)
at org.testng.internal.TestMethodWorker.invokeTestMethods(TestMethodWorker.java:146)
at org.testng.internal.TestMethodWorker.run(TestMethodWorker.java:128)
at java.util.ArrayList.forEach(ArrayList.java:1259)
at org.testng.TestRunner.privateRun(TestRunner.java:764)
at org.testng.TestRunner.run(TestRunner.java:585)
at org.testng.SuiteRunner.runTest(SuiteRunner.java:384)
at org.testng.SuiteRunner.runSequentially(SuiteRunner.java:378)
at org.testng.SuiteRunner.privateRun(SuiteRunner.java:337)
at org.testng.SuiteRunner.run(SuiteRunner.java:286)
at org.testng.SuiteRunnerWorker.runSuite(SuiteRunnerWorker.java:53)
at org.testng.SuiteRunnerWorker.run(SuiteRunnerWorker.java:96)
at org.testng.TestNG.runSuitesSequentially(TestNG.java:1218)
at org.testng.TestNG.runSuitesLocally(TestNG.java:1140)
at org.testng.TestNG.runSuites(TestNG.java:1069)
at org.testng.TestNG.run(TestNG.java:1037)
at org.testng.remote.AbstractRemoteTestNG.run(AbstractRemoteTestNG.java:115)
at org.testng.remote.RemoteTestNG.initAndRun(RemoteTestNG.java:251)
at org.testng.remote.RemoteTestNG.main(RemoteTestNG.java:77)
]]>
    </error>
  </testcase> <!-- login_test -->
  <system-out/>
</testsuite> <!-- Day_001_Demo.TC02_GitHub_Chrome -->
